[0m10:38:12.917765 [debug] [MainThread]: Sending event: {'category': 'dbt', 'action': 'invocation', 'label': 'start', 'context': [<snowplow_tracker.self_describing_json.SelfDescribingJson object at 0x00000272741B0D70>, <snowplow_tracker.self_describing_json.SelfDescribingJson object at 0x000002726FE1F610>, <snowplow_tracker.self_describing_json.SelfDescribingJson object at 0x000002727623FD90>]}


============================== 10:38:12.928345 | 8425b24c-71a4-4ce9-b3bf-b227d50611bd ==============================
[0m10:38:12.928345 [info ] [MainThread]: Running with dbt=1.11.7
[0m10:38:12.930632 [debug] [MainThread]: running dbt with arguments {'version_check': 'True', 'no_print': 'None', 'static_parser': 'True', 'warn_error_options': 'WarnErrorOptionsV2(error=[], warn=[], silence=[])', 'target_path': 'None', 'printer_width': '80', 'write_json': 'True', 'empty': 'None', 'log_cache_events': 'False', 'introspect': 'True', 'cache_selected_only': 'False', 'fail_fast': 'False', 'debug': 'False', 'log_format': 'default', 'profiles_dir': 'C:\\Users\\mugheerik\\.dbt', 'send_anonymous_usage_stats': 'True', 'quiet': 'False', 'warn_error': 'None', 'partial_parse': 'True', 'indirect_selection': 'eager', 'invocation_command': 'dbt init saas_dbt', 'use_colors': 'True', 'use_experimental_parser': 'False', 'log_path': 'logs'}
[0m10:38:12.976811 [info ] [MainThread]: Creating dbt configuration folder at C:\Users\mugheerik\.dbt
[0m10:38:12.983061 [debug] [MainThread]: Starter project path: C:\Users\mugheerik\AppData\Local\Programs\Python\Python313\Lib\site-packages\dbt\include\starter_project
[0m10:38:13.030577 [info ] [MainThread]: 
Your new dbt project "saas_dbt" was created!

For more information on how to configure the profiles.yml file,
please consult the dbt documentation here:

  https://docs.getdbt.com/docs/configure-your-profile

One more thing:

Need help? Don't hesitate to reach out to us via GitHub issues or on Slack:

  https://community.getdbt.com/

Happy modeling!

[0m10:38:13.032193 [info ] [MainThread]: Setting up your profile.
[0m10:39:11.052680 [info ] [MainThread]: Profile saas_dbt written to C:\Users\mugheerik\.dbt\profiles.yml using target's profile_template.yml and your supplied values. Run 'dbt debug' to validate the connection.
[0m10:39:11.055675 [debug] [MainThread]: Command `dbt init` succeeded at 10:39:11.055283 after 58.47 seconds
[0m10:39:11.057133 [debug] [MainThread]: Sending event: {'category': 'dbt', 'action': 'invocation', 'label': 'end', 'context': [<snowplow_tracker.self_describing_json.SelfDescribingJson object at 0x0000027276387A80>, <snowplow_tracker.self_describing_json.SelfDescribingJson object at 0x00000272745A70B0>, <snowplow_tracker.self_describing_json.SelfDescribingJson object at 0x00000272752167A0>]}
[0m10:39:11.058222 [debug] [MainThread]: Flushing usage events
[0m10:39:13.452998 [debug] [MainThread]: An error was encountered while trying to flush usage events
[0m10:44:57.959089 [debug] [MainThread]: Sending event: {'category': 'dbt', 'action': 'invocation', 'label': 'start', 'context': [<snowplow_tracker.self_describing_json.SelfDescribingJson object at 0x000001FD6C1D4980>, <snowplow_tracker.self_describing_json.SelfDescribingJson object at 0x000001FD67E5B610>, <snowplow_tracker.self_describing_json.SelfDescribingJson object at 0x000001FD6E2EBC50>]}


============================== 10:44:57.967505 | 9c0f32a2-9735-4dc0-8388-cb34152b68e8 ==============================
[0m10:44:57.967505 [info ] [MainThread]: Running with dbt=1.11.7
[0m10:44:57.968964 [debug] [MainThread]: running dbt with arguments {'static_parser': 'True', 'no_print': 'None', 'version_check': 'True', 'warn_error_options': 'WarnErrorOptionsV2(error=[], warn=[], silence=[])', 'target_path': 'None', 'printer_width': '80', 'write_json': 'True', 'introspect': 'True', 'log_cache_events': 'False', 'empty': 'None', 'cache_selected_only': 'False', 'fail_fast': 'False', 'debug': 'False', 'log_format': 'default', 'partial_parse': 'True', 'send_anonymous_usage_stats': 'True', 'quiet': 'False', 'warn_error': 'None', 'profiles_dir': 'C:\\Users\\mugheerik\\.dbt', 'invocation_command': 'dbt debug', 'indirect_selection': 'eager', 'use_colors': 'True', 'use_experimental_parser': 'False', 'log_path': 'logs'}
[0m10:44:58.006313 [info ] [MainThread]: dbt version: 1.11.7
[0m10:44:58.007460 [info ] [MainThread]: python version: 3.13.7
[0m10:44:58.008036 [info ] [MainThread]: python path: C:\Users\mugheerik\AppData\Local\Programs\Python\Python313\python.exe
[0m10:44:58.008662 [info ] [MainThread]: os info: Windows-11-10.0.26200-SP0
[0m10:44:58.069181 [info ] [MainThread]: Using profiles dir at C:\Users\mugheerik\.dbt
[0m10:44:58.069914 [info ] [MainThread]: Using profiles.yml file at C:\Users\mugheerik\.dbt\profiles.yml
[0m10:44:58.070512 [info ] [MainThread]: Using dbt_project.yml file at D:\saas-funnel-analytics\dbt_project.yml
[0m10:44:58.072676 [info ] [MainThread]: adapter type: postgres
[0m10:44:58.073440 [info ] [MainThread]: adapter version: 1.10.0
[0m10:44:58.074114 [info ] [MainThread]: Configuration:
[0m10:44:58.074760 [info ] [MainThread]:   profiles.yml file [[32mOK found and valid[0m]
[0m10:44:58.075544 [info ] [MainThread]:   dbt_project.yml file [[31mERROR not found[0m]
[0m10:44:58.075911 [info ] [MainThread]: Required dependencies:
[0m10:44:58.076396 [debug] [MainThread]: Executing "git --help"
[0m10:44:58.128727 [debug] [MainThread]: STDOUT: "b"usage: git [-v | --version] [-h | --help] [-C <path>] [-c <name>=<value>]\n           [--exec-path[=<path>]] [--html-path] [--man-path] [--info-path]\n           [-p | --paginate | -P | --no-pager] [--no-replace-objects] [--no-lazy-fetch]\n           [--no-optional-locks] [--no-advice] [--bare] [--git-dir=<path>]\n           [--work-tree=<path>] [--namespace=<name>] [--config-env=<name>=<envvar>]\n           <command> [<args>]\n\nThese are common Git commands used in various situations:\n\nstart a working area (see also: git help tutorial)\n   clone      Clone a repository into a new directory\n   init       Create an empty Git repository or reinitialize an existing one\n\nwork on the current change (see also: git help everyday)\n   add        Add file contents to the index\n   mv         Move or rename a file, a directory, or a symlink\n   restore    Restore working tree files\n   rm         Remove files from the working tree and from the index\n\nexamine the history and state (see also: git help revisions)\n   bisect     Use binary search to find the commit that introduced a bug\n   diff       Show changes between commits, commit and working tree, etc\n   grep       Print lines matching a pattern\n   log        Show commit logs\n   show       Show various types of objects\n   status     Show the working tree status\n\ngrow, mark and tweak your common history\n   backfill   Download missing objects in a partial clone\n   branch     List, create, or delete branches\n   commit     Record changes to the repository\n   merge      Join two or more development histories together\n   rebase     Reapply commits on top of another base tip\n   reset      Set `HEAD` or the index to a known state\n   switch     Switch branches\n   tag        Create, list, delete or verify tags\n\ncollaborate (see also: git help workflows)\n   fetch      Download objects and refs from another repository\n   pull       Fetch from and integrate with another repository or a local branch\n   push       Update remote refs along with associated objects\n\n'git help -a' and 'git help -g' list available subcommands and some\nconcept guides. See 'git help <command>' or 'git help <concept>'\nto read about a specific subcommand or concept.\nSee 'git help git' for an overview of the system.\n""
[0m10:44:58.129189 [debug] [MainThread]: STDERR: "b''"
[0m10:44:58.129551 [info ] [MainThread]:  - git [[32mOK found[0m]

[0m10:44:58.130413 [info ] [MainThread]: Connection:
[0m10:44:58.131217 [info ] [MainThread]:   host: localhost
[0m10:44:58.131921 [info ] [MainThread]:   port: 5432
[0m10:44:58.132543 [info ] [MainThread]:   user: saas-user
[0m10:44:58.133152 [info ] [MainThread]:   database: saas-db
[0m10:44:58.133816 [info ] [MainThread]:   schema: default
[0m10:44:58.134440 [info ] [MainThread]:   connect_timeout: 10
[0m10:44:58.135018 [info ] [MainThread]:   role: None
[0m10:44:58.135594 [info ] [MainThread]:   search_path: None
[0m10:44:58.136118 [info ] [MainThread]:   keepalives_idle: 0
[0m10:44:58.136636 [info ] [MainThread]:   sslmode: None
[0m10:44:58.137256 [info ] [MainThread]:   sslcert: None
[0m10:44:58.137815 [info ] [MainThread]:   sslkey: None
[0m10:44:58.138382 [info ] [MainThread]:   sslrootcert: None
[0m10:44:58.138935 [info ] [MainThread]:   application_name: dbt
[0m10:44:58.139442 [info ] [MainThread]:   retries: 1
[0m10:44:58.140100 [info ] [MainThread]: Registered adapter: postgres=1.10.0
[0m10:44:58.592489 [debug] [MainThread]: Acquiring new postgres connection 'debug'
[0m10:45:01.669441 [debug] [MainThread]: Using postgres connection "debug"
[0m10:45:01.669954 [debug] [MainThread]: On debug: select 1 as id
[0m10:45:01.670374 [debug] [MainThread]: Opening a new connection, currently in state init
[0m10:45:05.786634 [debug] [MainThread]: Postgres adapter: Got a retryable error when attempting to open a postgres connection.
1 attempts remaining. Retrying in 0 seconds.
Error:
connection to server at "localhost" (::1), port 5432 failed: Connection refused (0x0000274D/10061)
	Is the server running on that host and accepting TCP/IP connections?
connection to server at "localhost" (127.0.0.1), port 5432 failed: Connection refused (0x0000274D/10061)
	Is the server running on that host and accepting TCP/IP connections?

[0m10:45:09.856517 [debug] [MainThread]: Postgres adapter: Error running SQL: select 1 as id
[0m10:45:09.857356 [debug] [MainThread]: Postgres adapter: Rolling back transaction.
[0m10:45:09.858078 [debug] [MainThread]: On debug: No close available on handle
[0m10:45:09.858683 [info ] [MainThread]:   Connection test: [[31mERROR[0m]

[0m10:45:09.860515 [info ] [MainThread]: [31m2 checks failed:[0m
[0m10:45:09.861287 [info ] [MainThread]: Project loading failed for the following reason:
 project path <D:\saas-funnel-analytics\dbt_project.yml> not found

[0m10:45:09.861803 [info ] [MainThread]: dbt was unable to connect to the specified database.
The database returned the following error:

  >Database Error
  connection to server at "localhost" (::1), port 5432 failed: Connection refused (0x0000274D/10061)
  	Is the server running on that host and accepting TCP/IP connections?
  connection to server at "localhost" (127.0.0.1), port 5432 failed: Connection refused (0x0000274D/10061)
  	Is the server running on that host and accepting TCP/IP connections?
  

Check your database credentials and try again. For more information, visit:
https://docs.getdbt.com/docs/configure-your-profile


[0m10:45:09.862775 [debug] [MainThread]: Command `dbt debug` failed at 10:45:09.862652 after 12.21 seconds
[0m10:45:09.863102 [debug] [MainThread]: Connection 'debug' was properly closed.
[0m10:45:09.863384 [debug] [MainThread]: Sending event: {'category': 'dbt', 'action': 'invocation', 'label': 'end', 'context': [<snowplow_tracker.self_describing_json.SelfDescribingJson object at 0x000001FD6E8C4510>, <snowplow_tracker.self_describing_json.SelfDescribingJson object at 0x000001FD6E9383B0>, <snowplow_tracker.self_describing_json.SelfDescribingJson object at 0x000001FD6E3BC160>]}
[0m10:45:09.863721 [debug] [MainThread]: Flushing usage events
[0m10:45:11.701249 [debug] [MainThread]: An error was encountered while trying to flush usage events
[0m13:39:57.193675 [debug] [MainThread]: Sending event: {'category': 'dbt', 'action': 'invocation', 'label': 'start', 'context': [<snowplow_tracker.self_describing_json.SelfDescribingJson object at 0x00000138C0294980>, <snowplow_tracker.self_describing_json.SelfDescribingJson object at 0x00000138BBF5B610>, <snowplow_tracker.self_describing_json.SelfDescribingJson object at 0x00000138C13DBC50>]}


============================== 13:39:57.201178 | ec46f9b0-61c1-4e3f-853e-9063d7fc5479 ==============================
[0m13:39:57.201178 [info ] [MainThread]: Running with dbt=1.11.7
[0m13:39:57.202339 [debug] [MainThread]: running dbt with arguments {'static_parser': 'True', 'no_print': 'None', 'version_check': 'True', 'target_path': 'None', 'warn_error_options': 'WarnErrorOptionsV2(error=[], warn=[], silence=[])', 'printer_width': '80', 'write_json': 'True', 'empty': 'False', 'log_cache_events': 'False', 'introspect': 'True', 'cache_selected_only': 'False', 'fail_fast': 'False', 'debug': 'False', 'log_format': 'default', 'profiles_dir': 'C:\\Users\\mugheerik\\.dbt', 'send_anonymous_usage_stats': 'True', 'quiet': 'False', 'warn_error': 'None', 'partial_parse': 'True', 'use_colors': 'True', 'indirect_selection': 'eager', 'invocation_command': 'dbt run', 'use_experimental_parser': 'False', 'log_path': 'logs'}
[0m13:39:57.202849 [error] [MainThread]: Encountered an error:
Runtime Error
  No dbt_project.yml found at expected path D:\saas-funnel-analytics\dbt_project.yml
  Verify that each entry within packages.yml (and their transitive dependencies) contains a file named dbt_project.yml
  
[0m13:39:57.204571 [debug] [MainThread]: Command `dbt run` failed at 13:39:57.204429 after 0.48 seconds
[0m13:39:57.204917 [debug] [MainThread]: Sending event: {'category': 'dbt', 'action': 'invocation', 'label': 'end', 'context': [<snowplow_tracker.self_describing_json.SelfDescribingJson object at 0x00000138C13D2C40>, <snowplow_tracker.self_describing_json.SelfDescribingJson object at 0x00000138C14157F0>, <snowplow_tracker.self_describing_json.SelfDescribingJson object at 0x00000138C1269590>]}
[0m13:39:57.205263 [debug] [MainThread]: Flushing usage events
[0m13:39:59.299912 [debug] [MainThread]: An error was encountered while trying to flush usage events
